[2022-01-19 20:52:52,704] {taskinstance.py:1032} INFO - Dependencies all met for <TaskInstance: example_branch_datetime_operator_2.datetime_branch scheduled__2022-01-18T00:00:00+00:00 [queued]>
[2022-01-19 20:52:52,718] {taskinstance.py:1032} INFO - Dependencies all met for <TaskInstance: example_branch_datetime_operator_2.datetime_branch scheduled__2022-01-18T00:00:00+00:00 [queued]>
[2022-01-19 20:52:52,719] {taskinstance.py:1238} INFO - 
--------------------------------------------------------------------------------
[2022-01-19 20:52:52,719] {taskinstance.py:1239} INFO - Starting attempt 1 of 1
[2022-01-19 20:52:52,720] {taskinstance.py:1240} INFO - 
--------------------------------------------------------------------------------
[2022-01-19 20:52:52,739] {taskinstance.py:1259} INFO - Executing <Task(BranchDateTimeOperator): datetime_branch> on 2022-01-18 00:00:00+00:00
[2022-01-19 20:52:52,744] {standard_task_runner.py:52} INFO - Started process 683 to run task
[2022-01-19 20:52:52,750] {standard_task_runner.py:76} INFO - Running: ['***', 'tasks', 'run', 'example_branch_datetime_operator_2', 'datetime_branch', 'scheduled__2022-01-18T00:00:00+00:00', '--job-id', '41', '--raw', '--subdir', '/home/***/.local/lib/python3.7/site-packages/***/example_dags/example_branch_datetime_operator.py', '--cfg-path', '/tmp/tmptj04neu3', '--error-file', '/tmp/tmpu8lzq4g2']
[2022-01-19 20:52:52,751] {standard_task_runner.py:77} INFO - Job 41: Subtask datetime_branch
[2022-01-19 20:52:52,824] {logging_mixin.py:109} INFO - Running <TaskInstance: example_branch_datetime_operator_2.datetime_branch scheduled__2022-01-18T00:00:00+00:00 [running]> on host 3bef5454ac4d
[2022-01-19 20:52:52,914] {taskinstance.py:1426} INFO - Exporting the following env vars:
AIRFLOW_CTX_DAG_OWNER=***
AIRFLOW_CTX_DAG_ID=example_branch_datetime_operator_2
AIRFLOW_CTX_TASK_ID=datetime_branch
AIRFLOW_CTX_EXECUTION_DATE=2022-01-18T00:00:00+00:00
AIRFLOW_CTX_DAG_RUN_ID=scheduled__2022-01-18T00:00:00+00:00
[2022-01-19 20:52:52,915] {skipmixin.py:143} INFO - Following branch ['date_in_range']
[2022-01-19 20:52:52,917] {skipmixin.py:174} INFO - Skipping tasks ['date_outside_range']
[2022-01-19 20:52:53,015] {taskinstance.py:1277} INFO - Marking task as SUCCESS. dag_id=example_branch_datetime_operator_2, task_id=datetime_branch, execution_date=20220118T000000, start_date=20220119T205252, end_date=20220119T205253
[2022-01-19 20:52:53,089] {local_task_job.py:154} INFO - Task exited with return code 0
[2022-01-19 20:52:53,140] {local_task_job.py:264} INFO - 1 downstream tasks scheduled from follow-on schedule check
