[2022-01-19 20:52:53,969] {taskinstance.py:1032} INFO - Dependencies all met for <TaskInstance: example_bash_operator.run_after_loop scheduled__2022-01-18T00:00:00+00:00 [queued]>
[2022-01-19 20:52:53,979] {taskinstance.py:1032} INFO - Dependencies all met for <TaskInstance: example_bash_operator.run_after_loop scheduled__2022-01-18T00:00:00+00:00 [queued]>
[2022-01-19 20:52:53,979] {taskinstance.py:1238} INFO - 
--------------------------------------------------------------------------------
[2022-01-19 20:52:53,980] {taskinstance.py:1239} INFO - Starting attempt 1 of 1
[2022-01-19 20:52:53,980] {taskinstance.py:1240} INFO - 
--------------------------------------------------------------------------------
[2022-01-19 20:52:53,995] {taskinstance.py:1259} INFO - Executing <Task(BashOperator): run_after_loop> on 2022-01-18 00:00:00+00:00
[2022-01-19 20:52:53,999] {standard_task_runner.py:52} INFO - Started process 686 to run task
[2022-01-19 20:52:54,003] {standard_task_runner.py:76} INFO - Running: ['***', 'tasks', 'run', 'example_bash_operator', 'run_after_loop', 'scheduled__2022-01-18T00:00:00+00:00', '--job-id', '43', '--raw', '--subdir', '/home/***/.local/lib/python3.7/site-packages/***/example_dags/example_bash_operator.py', '--cfg-path', '/tmp/tmp8f1s_ana', '--error-file', '/tmp/tmpkuta7rpd']
[2022-01-19 20:52:54,004] {standard_task_runner.py:77} INFO - Job 43: Subtask run_after_loop
[2022-01-19 20:52:54,062] {logging_mixin.py:109} INFO - Running <TaskInstance: example_bash_operator.run_after_loop scheduled__2022-01-18T00:00:00+00:00 [running]> on host 3bef5454ac4d
[2022-01-19 20:52:54,107] {taskinstance.py:1426} INFO - Exporting the following env vars:
AIRFLOW_CTX_DAG_OWNER=***
AIRFLOW_CTX_DAG_ID=example_bash_operator
AIRFLOW_CTX_TASK_ID=run_after_loop
AIRFLOW_CTX_EXECUTION_DATE=2022-01-18T00:00:00+00:00
AIRFLOW_CTX_DAG_RUN_ID=scheduled__2022-01-18T00:00:00+00:00
[2022-01-19 20:52:54,109] {subprocess.py:62} INFO - Tmp dir root location: 
 /tmp
[2022-01-19 20:52:54,110] {subprocess.py:74} INFO - Running command: ['bash', '-c', 'echo 1']
[2022-01-19 20:52:54,120] {subprocess.py:85} INFO - Output:
[2022-01-19 20:52:54,122] {subprocess.py:89} INFO - 1
[2022-01-19 20:52:54,122] {subprocess.py:93} INFO - Command exited with return code 0
[2022-01-19 20:52:54,153] {taskinstance.py:1277} INFO - Marking task as SUCCESS. dag_id=example_bash_operator, task_id=run_after_loop, execution_date=20220118T000000, start_date=20220119T205253, end_date=20220119T205254
[2022-01-19 20:52:54,179] {local_task_job.py:154} INFO - Task exited with return code 0
[2022-01-19 20:52:54,219] {local_task_job.py:264} INFO - 0 downstream tasks scheduled from follow-on schedule check
