[2022-01-19 21:03:28,041] {taskinstance.py:1032} INFO - Dependencies all met for <TaskInstance: tutorial.print_date scheduled__2022-01-18T21:03:23.790372+00:00 [queued]>
[2022-01-19 21:03:28,050] {taskinstance.py:1032} INFO - Dependencies all met for <TaskInstance: tutorial.print_date scheduled__2022-01-18T21:03:23.790372+00:00 [queued]>
[2022-01-19 21:03:28,050] {taskinstance.py:1238} INFO - 
--------------------------------------------------------------------------------
[2022-01-19 21:03:28,051] {taskinstance.py:1239} INFO - Starting attempt 1 of 2
[2022-01-19 21:03:28,051] {taskinstance.py:1240} INFO - 
--------------------------------------------------------------------------------
[2022-01-19 21:03:28,060] {taskinstance.py:1259} INFO - Executing <Task(BashOperator): print_date> on 2022-01-18 21:03:23.790372+00:00
[2022-01-19 21:03:28,069] {standard_task_runner.py:76} INFO - Running: ['***', 'tasks', 'run', 'tutorial', 'print_date', 'scheduled__2022-01-18T21:03:23.790372+00:00', '--job-id', '2', '--raw', '--subdir', 'DAGS_FOLDER/tutorial.py', '--cfg-path', '/tmp/tmpzvwqbezg', '--error-file', '/tmp/tmp2a51_vwl']
[2022-01-19 21:03:28,070] {standard_task_runner.py:77} INFO - Job 2: Subtask print_date
[2022-01-19 21:03:28,065] {standard_task_runner.py:52} INFO - Started process 178 to run task
[2022-01-19 21:03:28,120] {logging_mixin.py:109} INFO - Running <TaskInstance: tutorial.print_date scheduled__2022-01-18T21:03:23.790372+00:00 [running]> on host c931bfb0bcad
[2022-01-19 21:03:28,177] {taskinstance.py:1426} INFO - Exporting the following env vars:
AIRFLOW_CTX_DAG_EMAIL=***@example.com
AIRFLOW_CTX_DAG_OWNER=***
AIRFLOW_CTX_DAG_ID=tutorial
AIRFLOW_CTX_TASK_ID=print_date
AIRFLOW_CTX_EXECUTION_DATE=2022-01-18T21:03:23.790372+00:00
AIRFLOW_CTX_DAG_RUN_ID=scheduled__2022-01-18T21:03:23.790372+00:00
[2022-01-19 21:03:28,180] {subprocess.py:62} INFO - Tmp dir root location: 
 /tmp
[2022-01-19 21:03:28,182] {subprocess.py:74} INFO - Running command: ['bash', '-c', 'date']
[2022-01-19 21:03:28,198] {subprocess.py:85} INFO - Output:
[2022-01-19 21:03:28,204] {subprocess.py:89} INFO - Wed Jan 19 21:03:28 UTC 2022
[2022-01-19 21:03:28,205] {subprocess.py:93} INFO - Command exited with return code 0
[2022-01-19 21:03:28,239] {taskinstance.py:1277} INFO - Marking task as SUCCESS. dag_id=tutorial, task_id=print_date, execution_date=20220118T210323, start_date=20220119T210328, end_date=20220119T210328
[2022-01-19 21:03:28,288] {local_task_job.py:154} INFO - Task exited with return code 0
[2022-01-19 21:03:28,316] {local_task_job.py:264} INFO - 2 downstream tasks scheduled from follow-on schedule check
