[2022-01-19 21:03:29,210] {taskinstance.py:1032} INFO - Dependencies all met for <TaskInstance: tutorial.sleep scheduled__2022-01-18T21:03:23.790372+00:00 [queued]>
[2022-01-19 21:03:29,222] {taskinstance.py:1032} INFO - Dependencies all met for <TaskInstance: tutorial.sleep scheduled__2022-01-18T21:03:23.790372+00:00 [queued]>
[2022-01-19 21:03:29,223] {taskinstance.py:1238} INFO - 
--------------------------------------------------------------------------------
[2022-01-19 21:03:29,223] {taskinstance.py:1239} INFO - Starting attempt 1 of 4
[2022-01-19 21:03:29,224] {taskinstance.py:1240} INFO - 
--------------------------------------------------------------------------------
[2022-01-19 21:03:29,239] {taskinstance.py:1259} INFO - Executing <Task(BashOperator): sleep> on 2022-01-18 21:03:23.790372+00:00
[2022-01-19 21:03:29,248] {standard_task_runner.py:76} INFO - Running: ['***', 'tasks', 'run', 'tutorial', 'sleep', 'scheduled__2022-01-18T21:03:23.790372+00:00', '--job-id', '3', '--raw', '--subdir', 'DAGS_FOLDER/tutorial.py', '--cfg-path', '/tmp/tmpiclm19cn', '--error-file', '/tmp/tmp0wvjqfll']
[2022-01-19 21:03:29,250] {standard_task_runner.py:77} INFO - Job 3: Subtask sleep
[2022-01-19 21:03:29,245] {standard_task_runner.py:52} INFO - Started process 182 to run task
[2022-01-19 21:03:29,317] {logging_mixin.py:109} INFO - Running <TaskInstance: tutorial.sleep scheduled__2022-01-18T21:03:23.790372+00:00 [running]> on host c931bfb0bcad
[2022-01-19 21:03:29,380] {taskinstance.py:1426} INFO - Exporting the following env vars:
AIRFLOW_CTX_DAG_EMAIL=***@example.com
AIRFLOW_CTX_DAG_OWNER=***
AIRFLOW_CTX_DAG_ID=tutorial
AIRFLOW_CTX_TASK_ID=sleep
AIRFLOW_CTX_EXECUTION_DATE=2022-01-18T21:03:23.790372+00:00
AIRFLOW_CTX_DAG_RUN_ID=scheduled__2022-01-18T21:03:23.790372+00:00
[2022-01-19 21:03:29,382] {subprocess.py:62} INFO - Tmp dir root location: 
 /tmp
[2022-01-19 21:03:29,385] {subprocess.py:74} INFO - Running command: ['bash', '-c', 'sleep 5']
[2022-01-19 21:03:29,399] {subprocess.py:85} INFO - Output:
[2022-01-19 21:03:34,408] {subprocess.py:93} INFO - Command exited with return code 0
[2022-01-19 21:03:34,432] {taskinstance.py:1277} INFO - Marking task as SUCCESS. dag_id=tutorial, task_id=sleep, execution_date=20220118T210323, start_date=20220119T210329, end_date=20220119T210334
[2022-01-19 21:03:34,469] {local_task_job.py:154} INFO - Task exited with return code 0
[2022-01-19 21:03:34,498] {local_task_job.py:264} INFO - 0 downstream tasks scheduled from follow-on schedule check
