[2022-01-19 21:03:29,253] {taskinstance.py:1032} INFO - Dependencies all met for <TaskInstance: tutorial.templated scheduled__2022-01-18T21:03:23.790372+00:00 [queued]>
[2022-01-19 21:03:29,267] {taskinstance.py:1032} INFO - Dependencies all met for <TaskInstance: tutorial.templated scheduled__2022-01-18T21:03:23.790372+00:00 [queued]>
[2022-01-19 21:03:29,267] {taskinstance.py:1238} INFO - 
--------------------------------------------------------------------------------
[2022-01-19 21:03:29,268] {taskinstance.py:1239} INFO - Starting attempt 1 of 2
[2022-01-19 21:03:29,268] {taskinstance.py:1240} INFO - 
--------------------------------------------------------------------------------
[2022-01-19 21:03:29,279] {taskinstance.py:1259} INFO - Executing <Task(BashOperator): templated> on 2022-01-18 21:03:23.790372+00:00
[2022-01-19 21:03:29,284] {standard_task_runner.py:52} INFO - Started process 183 to run task
[2022-01-19 21:03:29,289] {standard_task_runner.py:76} INFO - Running: ['***', 'tasks', 'run', 'tutorial', 'templated', 'scheduled__2022-01-18T21:03:23.790372+00:00', '--job-id', '4', '--raw', '--subdir', 'DAGS_FOLDER/tutorial.py', '--cfg-path', '/tmp/tmpda115hzv', '--error-file', '/tmp/tmpvykjix1a']
[2022-01-19 21:03:29,292] {standard_task_runner.py:77} INFO - Job 4: Subtask templated
[2022-01-19 21:03:29,376] {logging_mixin.py:109} INFO - Running <TaskInstance: tutorial.templated scheduled__2022-01-18T21:03:23.790372+00:00 [running]> on host c931bfb0bcad
[2022-01-19 21:03:29,445] {taskinstance.py:1426} INFO - Exporting the following env vars:
AIRFLOW_CTX_DAG_EMAIL=***@example.com
AIRFLOW_CTX_DAG_OWNER=***
AIRFLOW_CTX_DAG_ID=tutorial
AIRFLOW_CTX_TASK_ID=templated
AIRFLOW_CTX_EXECUTION_DATE=2022-01-18T21:03:23.790372+00:00
AIRFLOW_CTX_DAG_RUN_ID=scheduled__2022-01-18T21:03:23.790372+00:00
[2022-01-19 21:03:29,447] {subprocess.py:62} INFO - Tmp dir root location: 
 /tmp
[2022-01-19 21:03:29,448] {subprocess.py:74} INFO - Running command: ['bash', '-c', '\n\n    echo "2022-01-18"\n    echo "2022-01-25"\n    echo "Parameter I passed in"\n\n    echo "2022-01-18"\n    echo "2022-01-25"\n    echo "Parameter I passed in"\n\n    echo "2022-01-18"\n    echo "2022-01-25"\n    echo "Parameter I passed in"\n\n    echo "2022-01-18"\n    echo "2022-01-25"\n    echo "Parameter I passed in"\n\n    echo "2022-01-18"\n    echo "2022-01-25"\n    echo "Parameter I passed in"\n']
[2022-01-19 21:03:29,460] {subprocess.py:85} INFO - Output:
[2022-01-19 21:03:29,463] {subprocess.py:89} INFO - 2022-01-18
[2022-01-19 21:03:29,464] {subprocess.py:89} INFO - 2022-01-25
[2022-01-19 21:03:29,465] {subprocess.py:89} INFO - Parameter I passed in
[2022-01-19 21:03:29,465] {subprocess.py:89} INFO - 2022-01-18
[2022-01-19 21:03:29,466] {subprocess.py:89} INFO - 2022-01-25
[2022-01-19 21:03:29,467] {subprocess.py:89} INFO - Parameter I passed in
[2022-01-19 21:03:29,467] {subprocess.py:89} INFO - 2022-01-18
[2022-01-19 21:03:29,468] {subprocess.py:89} INFO - 2022-01-25
[2022-01-19 21:03:29,469] {subprocess.py:89} INFO - Parameter I passed in
[2022-01-19 21:03:29,470] {subprocess.py:89} INFO - 2022-01-18
[2022-01-19 21:03:29,470] {subprocess.py:89} INFO - 2022-01-25
[2022-01-19 21:03:29,471] {subprocess.py:89} INFO - Parameter I passed in
[2022-01-19 21:03:29,471] {subprocess.py:89} INFO - 2022-01-18
[2022-01-19 21:03:29,472] {subprocess.py:89} INFO - 2022-01-25
[2022-01-19 21:03:29,473] {subprocess.py:89} INFO - Parameter I passed in
[2022-01-19 21:03:29,474] {subprocess.py:93} INFO - Command exited with return code 0
[2022-01-19 21:03:29,504] {taskinstance.py:1277} INFO - Marking task as SUCCESS. dag_id=tutorial, task_id=templated, execution_date=20220118T210323, start_date=20220119T210329, end_date=20220119T210329
[2022-01-19 21:03:29,547] {local_task_job.py:154} INFO - Task exited with return code 0
[2022-01-19 21:03:29,579] {local_task_job.py:264} INFO - 0 downstream tasks scheduled from follow-on schedule check
