[2022-01-19 20:52:51,532] {taskinstance.py:1032} INFO - Dependencies all met for <TaskInstance: example_bash_operator.this_will_skip scheduled__2022-01-18T00:00:00+00:00 [queued]>
[2022-01-19 20:52:51,547] {taskinstance.py:1032} INFO - Dependencies all met for <TaskInstance: example_bash_operator.this_will_skip scheduled__2022-01-18T00:00:00+00:00 [queued]>
[2022-01-19 20:52:51,548] {taskinstance.py:1238} INFO - 
--------------------------------------------------------------------------------
[2022-01-19 20:52:51,548] {taskinstance.py:1239} INFO - Starting attempt 1 of 1
[2022-01-19 20:52:51,549] {taskinstance.py:1240} INFO - 
--------------------------------------------------------------------------------
[2022-01-19 20:52:51,574] {taskinstance.py:1259} INFO - Executing <Task(BashOperator): this_will_skip> on 2022-01-18 00:00:00+00:00
[2022-01-19 20:52:51,583] {standard_task_runner.py:52} INFO - Started process 672 to run task
[2022-01-19 20:52:51,589] {standard_task_runner.py:76} INFO - Running: ['***', 'tasks', 'run', 'example_bash_operator', 'this_will_skip', 'scheduled__2022-01-18T00:00:00+00:00', '--job-id', '37', '--raw', '--subdir', '/home/***/.local/lib/python3.7/site-packages/***/example_dags/example_bash_operator.py', '--cfg-path', '/tmp/tmpfexgnhrp', '--error-file', '/tmp/tmp93rhsmr7']
[2022-01-19 20:52:51,591] {standard_task_runner.py:77} INFO - Job 37: Subtask this_will_skip
[2022-01-19 20:52:51,713] {logging_mixin.py:109} INFO - Running <TaskInstance: example_bash_operator.this_will_skip scheduled__2022-01-18T00:00:00+00:00 [running]> on host 3bef5454ac4d
[2022-01-19 20:52:51,786] {taskinstance.py:1426} INFO - Exporting the following env vars:
AIRFLOW_CTX_DAG_OWNER=***
AIRFLOW_CTX_DAG_ID=example_bash_operator
AIRFLOW_CTX_TASK_ID=this_will_skip
AIRFLOW_CTX_EXECUTION_DATE=2022-01-18T00:00:00+00:00
AIRFLOW_CTX_DAG_RUN_ID=scheduled__2022-01-18T00:00:00+00:00
[2022-01-19 20:52:51,788] {subprocess.py:62} INFO - Tmp dir root location: 
 /tmp
[2022-01-19 20:52:51,790] {subprocess.py:74} INFO - Running command: ['bash', '-c', 'echo "hello world"; exit 99;']
[2022-01-19 20:52:51,805] {subprocess.py:85} INFO - Output:
[2022-01-19 20:52:51,808] {subprocess.py:89} INFO - hello world
[2022-01-19 20:52:51,810] {subprocess.py:93} INFO - Command exited with return code 99
[2022-01-19 20:52:51,813] {taskinstance.py:1356} INFO - Bash command returned exit code 99. Skipping.
[2022-01-19 20:52:51,837] {taskinstance.py:1277} INFO - Marking task as SKIPPED. dag_id=example_bash_operator, task_id=this_will_skip, execution_date=20220118T000000, start_date=20220119T205251, end_date=20220119T205251
[2022-01-19 20:52:51,885] {local_task_job.py:154} INFO - Task exited with return code 0
[2022-01-19 20:52:51,934] {local_task_job.py:264} INFO - 0 downstream tasks scheduled from follow-on schedule check
