[2022-01-19 20:52:51,626] {taskinstance.py:1032} INFO - Dependencies all met for <TaskInstance: example_bash_operator.runme_0 scheduled__2022-01-18T00:00:00+00:00 [queued]>
[2022-01-19 20:52:51,662] {taskinstance.py:1032} INFO - Dependencies all met for <TaskInstance: example_bash_operator.runme_0 scheduled__2022-01-18T00:00:00+00:00 [queued]>
[2022-01-19 20:52:51,663] {taskinstance.py:1238} INFO - 
--------------------------------------------------------------------------------
[2022-01-19 20:52:51,665] {taskinstance.py:1239} INFO - Starting attempt 1 of 1
[2022-01-19 20:52:51,666] {taskinstance.py:1240} INFO - 
--------------------------------------------------------------------------------
[2022-01-19 20:52:51,680] {taskinstance.py:1259} INFO - Executing <Task(BashOperator): runme_0> on 2022-01-18 00:00:00+00:00
[2022-01-19 20:52:51,686] {standard_task_runner.py:52} INFO - Started process 674 to run task
[2022-01-19 20:52:51,692] {standard_task_runner.py:76} INFO - Running: ['***', 'tasks', 'run', 'example_bash_operator', 'runme_0', 'scheduled__2022-01-18T00:00:00+00:00', '--job-id', '39', '--raw', '--subdir', '/home/***/.local/lib/python3.7/site-packages/***/example_dags/example_bash_operator.py', '--cfg-path', '/tmp/tmpw290jasv', '--error-file', '/tmp/tmp_2c7wc55']
[2022-01-19 20:52:51,693] {standard_task_runner.py:77} INFO - Job 39: Subtask runme_0
[2022-01-19 20:52:51,795] {logging_mixin.py:109} INFO - Running <TaskInstance: example_bash_operator.runme_0 scheduled__2022-01-18T00:00:00+00:00 [running]> on host 3bef5454ac4d
[2022-01-19 20:52:51,882] {taskinstance.py:1426} INFO - Exporting the following env vars:
AIRFLOW_CTX_DAG_OWNER=***
AIRFLOW_CTX_DAG_ID=example_bash_operator
AIRFLOW_CTX_TASK_ID=runme_0
AIRFLOW_CTX_EXECUTION_DATE=2022-01-18T00:00:00+00:00
AIRFLOW_CTX_DAG_RUN_ID=scheduled__2022-01-18T00:00:00+00:00
[2022-01-19 20:52:51,884] {subprocess.py:62} INFO - Tmp dir root location: 
 /tmp
[2022-01-19 20:52:51,886] {subprocess.py:74} INFO - Running command: ['bash', '-c', 'echo "example_bash_operator__runme_0__20220118" && sleep 1']
[2022-01-19 20:52:51,899] {subprocess.py:85} INFO - Output:
[2022-01-19 20:52:51,902] {subprocess.py:89} INFO - example_bash_operator__runme_0__20220118
[2022-01-19 20:52:52,905] {subprocess.py:93} INFO - Command exited with return code 0
[2022-01-19 20:52:52,977] {taskinstance.py:1277} INFO - Marking task as SUCCESS. dag_id=example_bash_operator, task_id=runme_0, execution_date=20220118T000000, start_date=20220119T205251, end_date=20220119T205252
[2022-01-19 20:52:53,005] {local_task_job.py:154} INFO - Task exited with return code 0
[2022-01-19 20:52:53,077] {local_task_job.py:264} INFO - 0 downstream tasks scheduled from follow-on schedule check
