[2022-01-19 20:52:52,399] {taskinstance.py:1032} INFO - Dependencies all met for <TaskInstance: example_bash_operator.also_run_this scheduled__2022-01-18T00:00:00+00:00 [queued]>
[2022-01-19 20:52:52,416] {taskinstance.py:1032} INFO - Dependencies all met for <TaskInstance: example_bash_operator.also_run_this scheduled__2022-01-18T00:00:00+00:00 [queued]>
[2022-01-19 20:52:52,417] {taskinstance.py:1238} INFO - 
--------------------------------------------------------------------------------
[2022-01-19 20:52:52,417] {taskinstance.py:1239} INFO - Starting attempt 1 of 1
[2022-01-19 20:52:52,419] {taskinstance.py:1240} INFO - 
--------------------------------------------------------------------------------
[2022-01-19 20:52:52,441] {taskinstance.py:1259} INFO - Executing <Task(BashOperator): also_run_this> on 2022-01-18 00:00:00+00:00
[2022-01-19 20:52:52,448] {standard_task_runner.py:52} INFO - Started process 681 to run task
[2022-01-19 20:52:52,459] {standard_task_runner.py:76} INFO - Running: ['***', 'tasks', 'run', 'example_bash_operator', 'also_run_this', 'scheduled__2022-01-18T00:00:00+00:00', '--job-id', '40', '--raw', '--subdir', '/home/***/.local/lib/python3.7/site-packages/***/example_dags/example_bash_operator.py', '--cfg-path', '/tmp/tmpdopj7gtp', '--error-file', '/tmp/tmpz5izf25_']
[2022-01-19 20:52:52,464] {standard_task_runner.py:77} INFO - Job 40: Subtask also_run_this
[2022-01-19 20:52:52,576] {logging_mixin.py:109} INFO - Running <TaskInstance: example_bash_operator.also_run_this scheduled__2022-01-18T00:00:00+00:00 [running]> on host 3bef5454ac4d
[2022-01-19 20:52:52,714] {taskinstance.py:1426} INFO - Exporting the following env vars:
AIRFLOW_CTX_DAG_OWNER=***
AIRFLOW_CTX_DAG_ID=example_bash_operator
AIRFLOW_CTX_TASK_ID=also_run_this
AIRFLOW_CTX_EXECUTION_DATE=2022-01-18T00:00:00+00:00
AIRFLOW_CTX_DAG_RUN_ID=scheduled__2022-01-18T00:00:00+00:00
[2022-01-19 20:52:52,718] {subprocess.py:62} INFO - Tmp dir root location: 
 /tmp
[2022-01-19 20:52:52,722] {subprocess.py:74} INFO - Running command: ['bash', '-c', 'echo "run_id=scheduled__2022-01-18T00:00:00+00:00 | dag_run=<DagRun example_bash_operator @ 2022-01-18 00:00:00+00:00: scheduled__2022-01-18T00:00:00+00:00, externally triggered: False>"']
[2022-01-19 20:52:52,737] {subprocess.py:85} INFO - Output:
[2022-01-19 20:52:52,780] {subprocess.py:89} INFO - run_id=scheduled__2022-01-18T00:00:00+00:00 | dag_run=<DagRun example_bash_operator @ 2022-01-18 00:00:00+00:00: scheduled__2022-01-18T00:00:00+00:00, externally triggered: False>
[2022-01-19 20:52:52,781] {subprocess.py:93} INFO - Command exited with return code 0
[2022-01-19 20:52:52,830] {taskinstance.py:1277} INFO - Marking task as SUCCESS. dag_id=example_bash_operator, task_id=also_run_this, execution_date=20220118T000000, start_date=20220119T205252, end_date=20220119T205252
[2022-01-19 20:52:52,881] {local_task_job.py:154} INFO - Task exited with return code 0
[2022-01-19 20:52:52,975] {local_task_job.py:264} INFO - 0 downstream tasks scheduled from follow-on schedule check
