[2022-01-19 20:56:01,199] {taskinstance.py:1032} INFO - Dependencies all met for <TaskInstance: example_branch_dop_operator_v3.condition scheduled__2022-01-19T20:55:00+00:00 [queued]>
[2022-01-19 20:56:01,215] {taskinstance.py:1032} INFO - Dependencies all met for <TaskInstance: example_branch_dop_operator_v3.condition scheduled__2022-01-19T20:55:00+00:00 [queued]>
[2022-01-19 20:56:01,217] {taskinstance.py:1238} INFO - 
--------------------------------------------------------------------------------
[2022-01-19 20:56:01,217] {taskinstance.py:1239} INFO - Starting attempt 1 of 1
[2022-01-19 20:56:01,218] {taskinstance.py:1240} INFO - 
--------------------------------------------------------------------------------
[2022-01-19 20:56:01,229] {taskinstance.py:1259} INFO - Executing <Task(BranchPythonOperator): condition> on 2022-01-19 20:55:00+00:00
[2022-01-19 20:56:01,233] {standard_task_runner.py:52} INFO - Started process 842 to run task
[2022-01-19 20:56:01,237] {standard_task_runner.py:76} INFO - Running: ['***', 'tasks', 'run', 'example_branch_dop_operator_v3', 'condition', 'scheduled__2022-01-19T20:55:00+00:00', '--job-id', '47', '--raw', '--subdir', '/home/***/.local/lib/python3.7/site-packages/***/example_dags/example_branch_python_dop_operator_3.py', '--cfg-path', '/tmp/tmp0cu4jpw5', '--error-file', '/tmp/tmpxnc6wj7_']
[2022-01-19 20:56:01,238] {standard_task_runner.py:77} INFO - Job 47: Subtask condition
[2022-01-19 20:56:01,305] {logging_mixin.py:109} INFO - Running <TaskInstance: example_branch_dop_operator_v3.condition scheduled__2022-01-19T20:55:00+00:00 [running]> on host 3bef5454ac4d
[2022-01-19 20:56:01,365] {taskinstance.py:1426} INFO - Exporting the following env vars:
AIRFLOW_CTX_DAG_OWNER=***
AIRFLOW_CTX_DAG_ID=example_branch_dop_operator_v3
AIRFLOW_CTX_TASK_ID=condition
AIRFLOW_CTX_EXECUTION_DATE=2022-01-19T20:55:00+00:00
AIRFLOW_CTX_DAG_RUN_ID=scheduled__2022-01-19T20:55:00+00:00
[2022-01-19 20:56:01,367] {warnings.py:110} WARNING - /home/***/.local/lib/python3.7/site-packages/***/utils/context.py:152: AirflowContextDeprecationWarning: Accessing 'execution_date' from the template is deprecated and will be removed in a future version. Please use 'data_interval_start' or 'logical_date' instead.
  warnings.warn(_create_deprecation_warning(key, self._deprecation_replacements[key]))

[2022-01-19 20:56:01,368] {warnings.py:110} WARNING - /home/***/.local/lib/python3.7/site-packages/***/utils/context.py:152: AirflowContextDeprecationWarning: Accessing 'next_ds' from the template is deprecated and will be removed in a future version. Please use '{{ data_interval_end | ds }}' instead.
  warnings.warn(_create_deprecation_warning(key, self._deprecation_replacements[key]))

[2022-01-19 20:56:01,369] {warnings.py:110} WARNING - /home/***/.local/lib/python3.7/site-packages/***/utils/context.py:152: AirflowContextDeprecationWarning: Accessing 'next_ds_nodash' from the template is deprecated and will be removed in a future version. Please use '{{ data_interval_end | ds_nodash }}' instead.
  warnings.warn(_create_deprecation_warning(key, self._deprecation_replacements[key]))

[2022-01-19 20:56:01,370] {warnings.py:110} WARNING - /home/***/.local/lib/python3.7/site-packages/***/utils/context.py:152: AirflowContextDeprecationWarning: Accessing 'next_execution_date' from the template is deprecated and will be removed in a future version. Please use 'data_interval_end' instead.
  warnings.warn(_create_deprecation_warning(key, self._deprecation_replacements[key]))

[2022-01-19 20:56:01,372] {warnings.py:110} WARNING - /home/***/.local/lib/python3.7/site-packages/***/utils/context.py:152: AirflowContextDeprecationWarning: Accessing 'prev_ds' from the template is deprecated and will be removed in a future version.
  warnings.warn(_create_deprecation_warning(key, self._deprecation_replacements[key]))

[2022-01-19 20:56:01,373] {warnings.py:110} WARNING - /home/***/.local/lib/python3.7/site-packages/***/utils/context.py:152: AirflowContextDeprecationWarning: Accessing 'prev_ds_nodash' from the template is deprecated and will be removed in a future version.
  warnings.warn(_create_deprecation_warning(key, self._deprecation_replacements[key]))

[2022-01-19 20:56:01,374] {warnings.py:110} WARNING - /home/***/.local/lib/python3.7/site-packages/***/utils/context.py:152: AirflowContextDeprecationWarning: Accessing 'prev_execution_date' from the template is deprecated and will be removed in a future version.
  warnings.warn(_create_deprecation_warning(key, self._deprecation_replacements[key]))

[2022-01-19 20:56:01,375] {warnings.py:110} WARNING - /home/***/.local/lib/python3.7/site-packages/***/utils/context.py:152: AirflowContextDeprecationWarning: Accessing 'prev_execution_date_success' from the template is deprecated and will be removed in a future version. Please use 'prev_data_interval_start_success' instead.
  warnings.warn(_create_deprecation_warning(key, self._deprecation_replacements[key]))

[2022-01-19 20:56:01,375] {warnings.py:110} WARNING - /home/***/.local/lib/python3.7/site-packages/***/utils/context.py:152: AirflowContextDeprecationWarning: Accessing 'tomorrow_ds' from the template is deprecated and will be removed in a future version.
  warnings.warn(_create_deprecation_warning(key, self._deprecation_replacements[key]))

[2022-01-19 20:56:01,376] {warnings.py:110} WARNING - /home/***/.local/lib/python3.7/site-packages/***/utils/context.py:152: AirflowContextDeprecationWarning: Accessing 'tomorrow_ds_nodash' from the template is deprecated and will be removed in a future version.
  warnings.warn(_create_deprecation_warning(key, self._deprecation_replacements[key]))

[2022-01-19 20:56:01,377] {warnings.py:110} WARNING - /home/***/.local/lib/python3.7/site-packages/***/utils/context.py:152: AirflowContextDeprecationWarning: Accessing 'yesterday_ds' from the template is deprecated and will be removed in a future version.
  warnings.warn(_create_deprecation_warning(key, self._deprecation_replacements[key]))

[2022-01-19 20:56:01,377] {warnings.py:110} WARNING - /home/***/.local/lib/python3.7/site-packages/***/utils/context.py:152: AirflowContextDeprecationWarning: Accessing 'yesterday_ds_nodash' from the template is deprecated and will be removed in a future version.
  warnings.warn(_create_deprecation_warning(key, self._deprecation_replacements[key]))

[2022-01-19 20:56:01,378] {logging_mixin.py:109} INFO - ------------- exec dttm = 2022-01-19T20:55:00+00:00 and minute = 55
[2022-01-19 20:56:01,378] {python.py:175} INFO - Done. Returned value was: dummy_task_2
[2022-01-19 20:56:01,379] {skipmixin.py:143} INFO - Following branch dummy_task_2
[2022-01-19 20:56:01,379] {skipmixin.py:174} INFO - Skipping tasks ['dummy_task_1']
[2022-01-19 20:56:01,415] {taskinstance.py:1277} INFO - Marking task as SUCCESS. dag_id=example_branch_dop_operator_v3, task_id=condition, execution_date=20220119T205500, start_date=20220119T205601, end_date=20220119T205601
[2022-01-19 20:56:01,451] {local_task_job.py:154} INFO - Task exited with return code 0
[2022-01-19 20:56:01,496] {local_task_job.py:264} INFO - 1 downstream tasks scheduled from follow-on schedule check
